[2024-09-18 18:31:02] info: mongodb database connected. data: {}}
[2024-09-18 18:31:02] info: postgresql database connected. data: {}}
[2024-09-18 18:31:02] info: Running migrations.... data: {}}
[2024-09-18 18:31:02] info: All migrations have been done, exiting.... data: {}}
[2024-09-18 18:31:02] info: setting up triggers.... data: {}}
[2024-09-18 18:31:02] info: triggers setup complete, exiting.... data: {}}
[2024-09-18 18:31:02] info: setting up channels. data: {}}
[2024-09-18 18:31:02] info: channels setup completed. data: {}}
[2024-09-18 18:31:02] info: connecting cloudinary. data: {}}
[2024-09-18 18:31:02] info: cloudinary connected. data: {}}
[2024-09-18 18:31:03] info: Kafka producer connected. data: {}}
[2024-09-18 18:31:03] info: server running.... data: {}}
[2024-09-18 18:32:11] http: req details. data: {"method":"GET","url":"/api/v1/auths/checkUser","clientIP":"::1","query":{},"requestBody":{},"requestHeaders":{"sec-ch-ua-platform":"\"Windows\"","origin":"http://localhost:5173","sec-fetch-site":"same-site","sec-fetch-mode":"cors"}}}
[2024-09-18 18:32:40] http: req details. data: {"method":"POST","url":"/api/v1/auths/login","clientIP":"::1","query":{},"requestBody":{"email":"nvj@gmail.com"},"requestHeaders":{"sec-ch-ua-platform":"\"Windows\"","origin":"http://localhost:5173","sec-fetch-site":"same-site","sec-fetch-mode":"cors"}}}
[2024-09-18 18:32:44] http: req details. data: {"method":"GET","url":"/api/v1/notifications/getAllNotifications","clientIP":"::1","query":{},"requestBody":{},"requestHeaders":{"sec-ch-ua-platform":"\"Windows\"","origin":"http://localhost:5173","sec-fetch-site":"same-site","sec-fetch-mode":"cors"}}}
[2024-09-18 18:32:44] http: req details. data: {"method":"GET","url":"/api/v1/chats/chatBarData","clientIP":"::1","query":{},"requestBody":{},"requestHeaders":{"sec-ch-ua-platform":"\"Windows\"","origin":"http://localhost:5173","sec-fetch-site":"same-site","sec-fetch-mode":"cors"}}}
[2024-09-18 18:32:44] http: req details. data: {"method":"GET","url":"/api/v1/notifications/checkOnlineFriends","clientIP":"::1","query":{},"requestBody":{},"requestHeaders":{"sec-ch-ua-platform":"\"Windows\"","origin":"http://localhost:5173","sec-fetch-site":"same-site","sec-fetch-mode":"cors"}}}
[2024-09-18 18:32:45] http: socket req details. data: {"socketId":"HVawnFhCNKUH1r4zAAAB","method":"GET","url":"/socket.io/?EIO=4&transport=polling&t=P85Ec4C","requestHeaders":{"authorization":"97aiv254esfg58cge675"}}}
[2024-09-18 18:32:45] info: a user connected id: 66e8683c5f72011fdaa10cba : HVawnFhCNKUH1r4zAAAB. data: {}}
[2024-09-18 18:32:47] http: req details. data: {"method":"GET","url":"/api/v1/chats/chatMessages?chatId=66e86ac05271e1ce5bd5446e&createdAt=2024-09-18T13%3A02%3A46.843Z","clientIP":"::1","query":{"chatId":"66e86ac05271e1ce5bd5446e","createdAt":"2024-09-18T13:02:46.843Z"},"requestBody":{},"requestHeaders":{"sec-ch-ua-platform":"\"Windows\"","origin":"http://localhost:5173","sec-fetch-site":"same-site","sec-fetch-mode":"cors"}}}
[2024-09-18 18:33:09] http: req details. data: {"method":"POST","url":"/api/v1/notifications/setOrder","clientIP":"::1","query":{},"requestBody":{"mainId":"66e86ac05271e1ce5bd5446e"},"requestHeaders":{"sec-ch-ua-platform":"\"Windows\"","origin":"http://localhost:5173","sec-fetch-site":"same-site","sec-fetch-mode":"cors"}}}
[2024-09-18 18:33:30] http: req details. data: {"method":"GET","url":"/api/v1/chats/groupMessages?groupId=66e86b0e5271e1ce5bd5447d&createdAt=2024-09-18T13%3A03%3A30.240Z","clientIP":"::1","query":{"groupId":"66e86b0e5271e1ce5bd5447d","createdAt":"2024-09-18T13:03:30.240Z"},"requestBody":{},"requestHeaders":{"sec-ch-ua-platform":"\"Windows\"","origin":"http://localhost:5173","sec-fetch-site":"same-site","sec-fetch-mode":"cors"}}}
[2024-09-18 18:33:34] http: req details. data: {"method":"POST","url":"/api/v1/notifications/setOrder","clientIP":"::1","query":{},"requestBody":{"mainId":"66e86b0e5271e1ce5bd5447d"},"requestHeaders":{"sec-ch-ua-platform":"\"Windows\"","origin":"http://localhost:5173","sec-fetch-site":"same-site","sec-fetch-mode":"cors"}}}
[2024-09-18 18:33:51] info: a user disconnected id: 66e8683c5f72011fdaa10cba : HVawnFhCNKUH1r4zAAAB. data: {}}
[2024-09-18 18:33:52] http: req details. data: {"method":"GET","url":"/api/v1/auths/checkUser","clientIP":"::1","query":{},"requestBody":{},"requestHeaders":{"sec-ch-ua-platform":"\"Windows\"","origin":"http://localhost:5173","sec-fetch-site":"same-site","sec-fetch-mode":"cors"}}}
[2024-09-18 18:33:55] http: req details. data: {"method":"GET","url":"/api/v1/notifications/getAllNotifications","clientIP":"::1","query":{},"requestBody":{},"requestHeaders":{"sec-ch-ua-platform":"\"Windows\"","origin":"http://localhost:5173","sec-fetch-site":"same-site","sec-fetch-mode":"cors"}}}
[2024-09-18 18:33:55] http: req details. data: {"method":"GET","url":"/api/v1/notifications/checkOnlineFriends","clientIP":"::1","query":{},"requestBody":{},"requestHeaders":{"sec-ch-ua-platform":"\"Windows\"","origin":"http://localhost:5173","sec-fetch-site":"same-site","sec-fetch-mode":"cors"}}}
[2024-09-18 18:33:55] http: req details. data: {"method":"GET","url":"/api/v1/chats/chatBarData","clientIP":"::1","query":{},"requestBody":{},"requestHeaders":{"sec-ch-ua-platform":"\"Windows\"","origin":"http://localhost:5173","sec-fetch-site":"same-site","sec-fetch-mode":"cors"}}}
[2024-09-18 18:33:55] http: socket req details. data: {"socketId":"r-qqhGpGxhX-z_u1AAAD","method":"GET","url":"/socket.io/?EIO=4&transport=polling&t=P85EtE_","requestHeaders":{"authorization":"97aiv254esfg58cge675"}}}
[2024-09-18 18:33:55] info: a user connected id: 66e8683c5f72011fdaa10cba : r-qqhGpGxhX-z_u1AAAD. data: {}}
[2024-09-18 18:33:56] http: req details. data: {"method":"GET","url":"/api/v1/chats/groupMessages?groupId=66e86b0e5271e1ce5bd5447d&createdAt=2024-09-18T13%3A03%3A56.780Z","clientIP":"::1","query":{"groupId":"66e86b0e5271e1ce5bd5447d","createdAt":"2024-09-18T13:03:56.780Z"},"requestBody":{},"requestHeaders":{"sec-ch-ua-platform":"\"Windows\"","origin":"http://localhost:5173","sec-fetch-site":"same-site","sec-fetch-mode":"cors"}}}
[2024-09-18 18:33:58] http: req details. data: {"method":"GET","url":"/api/v1/chats/chatMessages?chatId=66e86ac05271e1ce5bd5446e&createdAt=2024-09-18T13%3A03%3A58.043Z","clientIP":"::1","query":{"chatId":"66e86ac05271e1ce5bd5446e","createdAt":"2024-09-18T13:03:58.043Z"},"requestBody":{},"requestHeaders":{"sec-ch-ua-platform":"\"Windows\"","origin":"http://localhost:5173","sec-fetch-site":"same-site","sec-fetch-mode":"cors"}}}
[2024-09-18 18:35:03] info: a user disconnected id: 66e8683c5f72011fdaa10cba : r-qqhGpGxhX-z_u1AAAD. data: {}}
[2024-09-18 18:36:04] info: mongodb database disconnected. data: {}}
